# JRE version: OpenJDK Runtime Environment (17.0.7) (build 17.0.7+0-b2043.56-10550314)
# Java VM: OpenJDK 64-Bit Server VM (17.0.7+0-b2043.56-10550314, mixed mode, tiered, compressed oops, compressed class ptrs, g1 gc, windows-amd64)
GC Precious Log:
 CPUs: 4 total, 4 available
 Memory: 8117M
 Large Page Support: Disabled
 NUMA Support: Disabled
 Compressed Oops: Enabled (32-bit)
 Heap Region Size: 1M
 Heap Min Capacity: 8M
 Heap Initial Capacity: 128M
 Heap Max Capacity: 2G
 Pre-touch: Disabled
 Parallel Workers: 4
 Concurrent Workers: 1
 Concurrent Refinement Workers: 4
 Periodic GC: Disabled
Heap:
 garbage-first heap   total 296960K, used 208912K [0x0000000080000000, 0x0000000100000000)
  region size 1024K, 92 young (94208K), 5 survivors (5120K)
 Metaspace       used 100258K, committed 101056K, reserved 1179648K
  class space    used 13482K, committed 13824K, reserved 1048576K
GC Heap History (20 events):
Event: 2907.047 GC heap before
{Heap before GC invocations=163 (full 0):
 garbage-first heap   total 296960K, used 103405K [0x0000000080000000, 0x0000000100000000)
  region size 1024K, 14 young (14336K), 11 survivors (11264K)
 Metaspace       used 87948K, committed 88704K, reserved 1179648K
  class space    used 11772K, committed 12096K, reserved 1048576K
}
Event: 2907.055 GC heap after
{Heap after GC invocations=164 (full 0):
 garbage-first heap   total 296960K, used 100145K [0x0000000080000000, 0x0000000100000000)
  region size 1024K, 1 young (1024K), 1 survivors (1024K)
 Metaspace       used 87948K, committed 88704K, reserved 1179648K
  class space    used 11772K, committed 12096K, reserved 1048576K
}
Event: 2924.235 GC heap before
{Heap before GC invocations=164 (full 0):
 garbage-first heap   total 296960K, used 262961K [0x0000000080000000, 0x0000000100000000)
  region size 1024K, 150 young (153600K), 1 survivors (1024K)
 Metaspace       used 99068K, committed 99840K, reserved 1179648K
  class space    used 13324K, committed 13696K, reserved 1048576K
}
Event: 2924.368 GC heap after
{Heap after GC invocations=165 (full 0):
 garbage-first heap   total 296960K, used 114065K [0x0000000080000000, 0x0000000100000000)
  region size 1024K, 11 young (11264K), 11 survivors (11264K)
 Metaspace       used 99068K, committed 99840K, reserved 1179648K
  class space    used 13324K, committed 13696K, reserved 1048576K
}
Event: 2930.094 GC heap before
{Heap before GC invocations=165 (full 0):
 garbage-first heap   total 296960K, used 132497K [0x0000000080000000, 0x0000000100000000)
  region size 1024K, 30 young (30720K), 11 survivors (11264K)
 Metaspace       used 100201K, committed 100928K, reserved 1179648K
  class space    used 13473K, committed 13824K, reserved 1048576K
}
Event: 2930.111 GC heap after
{Heap after GC invocations=166 (full 0):
 garbage-first heap   total 296960K, used 115859K [0x0000000080000000, 0x0000000100000000)
  region size 1024K, 2 young (2048K), 2 survivors (2048K)
 Metaspace       used 100201K, committed 100928K, reserved 1179648K
  class space    used 13473K, committed 13824K, reserved 1048576K
}
Event: 2938.604 GC heap before
{Heap before GC invocations=167 (full 0):
 garbage-first heap   total 296960K, used 255476K [0x0000000080000000, 0x0000000100000000)
  region size 1024K, 134 young (137216K), 2 survivors (2048K)
 Metaspace       used 100230K, committed 101056K, reserved 1179648K
  class space    used 13478K, committed 13824K, reserved 1048576K
}
Event: 2938.611 GC heap after
{Heap after GC invocations=168 (full 0):
 garbage-first heap   total 296960K, used 122802K [0x0000000080000000, 0x0000000100000000)
  region size 1024K, 4 young (4096K), 4 survivors (4096K)
 Metaspace       used 100230K, committed 101056K, reserved 1179648K
  class space    used 13478K, committed 13824K, reserved 1048576K
}
Event: 2938.831 GC heap before
{Heap before GC invocations=168 (full 0):
 garbage-first heap   total 296960K, used 133042K [0x0000000080000000, 0x0000000100000000)
  region size 1024K, 14 young (14336K), 4 survivors (4096K)
 Metaspace       used 100230K, committed 101056K, reserved 1179648K
  class space    used 13478K, committed 13824K, reserved 1048576K
}
Event: 2938.839 GC heap after
{Heap after GC invocations=169 (full 0):
 garbage-first heap   total 296960K, used 122820K [0x0000000080000000, 0x0000000100000000)
  region size 1024K, 1 young (1024K), 1 survivors (1024K)
 Metaspace       used 100230K, committed 101056K, reserved 1179648K
  class space    used 13478K, committed 13824K, reserved 1048576K
}
Event: 2945.288 GC heap before
{Heap before GC invocations=169 (full 0):
 garbage-first heap   total 296960K, used 253892K [0x0000000080000000, 0x0000000100000000)
  region size 1024K, 129 young (132096K), 1 survivors (1024K)
 Metaspace       used 100230K, committed 101056K, reserved 1179648K
  class space    used 13478K, committed 13824K, reserved 1048576K
}
Event: 2945.293 GC heap after
{Heap after GC invocations=170 (full 0):
 garbage-first heap   total 296960K, used 124185K [0x0000000080000000, 0x0000000100000000)
  region size 1024K, 2 young (2048K), 2 survivors (2048K)
 Metaspace       used 100230K, committed 101056K, reserved 1179648K
  class space    used 13478K, committed 13824K, reserved 1048576K
}
Event: 2946.473 GC heap before
{Heap before GC invocations=171 (full 0):
 garbage-first heap   total 296960K, used 154905K [0x0000000080000000, 0x0000000100000000)
  region size 1024K, 32 young (32768K), 2 survivors (2048K)
 Metaspace       used 100233K, committed 101056K, reserved 1179648K
  class space    used 13478K, committed 13824K, reserved 1048576K
}
Event: 2946.477 GC heap after
{Heap after GC invocations=172 (full 0):
 garbage-first heap   total 296960K, used 124812K [0x0000000080000000, 0x0000000100000000)
  region size 1024K, 3 young (3072K), 3 survivors (3072K)
 Metaspace       used 100233K, committed 101056K, reserved 1179648K
  class space    used 13478K, committed 13824K, reserved 1048576K
}
Event: 2946.865 GC heap before
{Heap before GC invocations=172 (full 0):
 garbage-first heap   total 296960K, used 136076K [0x0000000080000000, 0x0000000100000000)
  region size 1024K, 14 young (14336K), 3 survivors (3072K)
 Metaspace       used 100233K, committed 101056K, reserved 1179648K
  class space    used 13478K, committed 13824K, reserved 1048576K
}
Event: 2947.022 GC heap after
{Heap after GC invocations=173 (full 0):
 garbage-first heap   total 296960K, used 124544K [0x0000000080000000, 0x0000000100000000)
  region size 1024K, 1 young (1024K), 1 survivors (1024K)
 Metaspace       used 100233K, committed 101056K, reserved 1179648K
  class space    used 13478K, committed 13824K, reserved 1048576K
}
Event: 2954.473 GC heap before
{Heap before GC invocations=173 (full 0):
 garbage-first heap   total 296960K, used 257664K [0x0000000080000000, 0x0000000100000000)
  region size 1024K, 131 young (134144K), 1 survivors (1024K)
 Metaspace       used 100233K, committed 101056K, reserved 1179648K
  class space    used 13478K, committed 13824K, reserved 1048576K
}
Event: 2954.478 GC heap after
{Heap after GC invocations=174 (full 0):
 garbage-first heap   total 296960K, used 126190K [0x0000000080000000, 0x0000000100000000)
  region size 1024K, 3 young (3072K), 3 survivors (3072K)
 Metaspace       used 100233K, committed 101056K, reserved 1179648K
  class space    used 13478K, committed 13824K, reserved 1048576K
}
Event: 2966.804 GC heap before
{Heap before GC invocations=174 (full 0):
 garbage-first heap   total 296960K, used 257262K [0x0000000080000000, 0x0000000100000000)
  region size 1024K, 131 young (134144K), 3 survivors (3072K)
 Metaspace       used 100252K, committed 101056K, reserved 1179648K
  class space    used 13481K, committed 13824K, reserved 1048576K
}
Event: 2966.810 GC heap after
{Heap after GC invocations=175 (full 0):
 garbage-first heap   total 296960K, used 120848K [0x0000000080000000, 0x0000000100000000)
  region size 1024K, 5 young (5120K), 5 survivors (5120K)
 Metaspace       used 100252K, committed 101056K, reserved 1179648K
  class space    used 13481K, committed 13824K, reserved 1048576K
}

